更新日期：2019年1月5日 v7.2
优化：增强后台安全过滤，进一步提升安全性

===更新内容===
更新日期：2019年1月3日 v7.1
新增：采集时不更新时间选项
新增：采集时随机评分 
新增：采集时随机顶踩
新增：采集时随机人气
修复：资源采集关闭分类识别时，分类被改变的错误
优化：优化跳转提示框为自适应样式
优化：精简会员中心分类导航
优化：部分界面和帮助提示

更新日期：2019年1月1日 v7.0
修复：按播放下载地址判断是否更新数据

更新日期：2018年12月31日 v6.9
新增：采集更新数据项选择
新增：注册赠送积分
修复：数据管理按id排序错误
优化：多处细节

更新日期：2018年12月30日 v6.8
新增：弹幕播放器Dplayer，支持显示bilibili弹幕，danmaku接口
新增：CKplayer播放器，采用最新ckplayerX版本
修复：自定义采集不支持https的问题
修复：迅雷下载客户端安装提示网址错误
修复：默认模板顶部logo在平板分辨率下背景错位
修复：视频列表页偶尔出现SQL错误
优化：安装过程中的错误提示
优化：视频列表页播放来源显示效果
优化：部分播放器全屏代码
优化：其它多处细节

更新日期：2018年12月22日 v6.7
新增：多模板技术，提供5种切换模式
新增：在线新建和修改播放器文件
新增：会员中心显示会员的到期时间
新增：安装过程中自动修改后台目录名称
新增：会员激活设置页增加全部激活sql语句
修复：迅雷下载无法正确检测迅雷软件
修复：后台目录安全检测在极偶然情况出错
优化：匿名用户改为游客用户
优化：部分细节

更新日期：2018年12月12日 v6.69
新增：邮件发送服务SMTP模块
新增：用户找回密码功能
新增：注册用户激活功能
新增：用户邮件消息功能
新增：站内消息模块
新增：用户站内消息功能
新增：全局用户消息通知功能
新增：会员组有效期限制
新增：用户资料添加联系方式字段
优化：安装过程中的环境检测
优化：访问权限界面及交互
优化：专题模块静态生成逻辑
优化：多个设置项默认参数
修复：多个细节错误

更新日期：2018年12月02日 v6.68
增加：解析播放增加线路记忆功能
增加：缺失的部分模板页面
增加：补齐多个默认选项
优化：许可协议内容
优化：多处帮助提示内容
优化：菜单选项布局
修复：一些细节错误

更新日期：2018年11月26日 v6.67
增加：强制使用解析播放增加排除项
优化：部分帮助内容

更新日期：2018年11月25日 v6.66
增加：定时采集和生成功能模块
新增：微信公众号自定义关键词回复
新增：默认模板播放页增加报错和顶踩按钮
新增：后台视频编辑增加顶踩次数编辑项
新增：默认模板播放页下载列表
新增：默认模板增加百度和360搜索推送代码
新增：多处操作帮助内容
优化：输入框自动焦点获取体验
优化：报错标签文字多余空格
优化：默认数据库服务器连接参数
修复：云盘下载播放器显示错误

更新日期：2018年11月22日 v6.65
新增：批量随机评分(感谢@ncend)
新增：强制所有播放器使用解析接口播放选项
新增：后台设置资源库采集间隔时间
优化：微信公众号接口升级(微信官方新政策)
优化：部分帮助提示内容
优化：部分页面缓存逻辑
优化：播放器上下集按钮适应手机端
修复：筛选页0-9筛选项无效的问题
修复：部分情况下播放器缓冲广告不显示的问题
修复：部分播放器无法全屏的问题
修复：部分js文件路径错误
修复：跳转提示页面图片丢失
修复：前台部分页面错误调试信息

更新日期：2018年8月24日 v6.64
优化：全局https适配
优化：留言标签改为url形式
修复：会员中心收藏列表错位
修复：Nginx伪静态视频购买错误
修复：定时生成时筛选分类错误
修复：部分模板细节错误

更新日期：2018年8月21日 v6.63
优化：安全性升级
优化：后台隐私安全
优化：部分模板显示

更新日期：2018年8月15日 v6.62
新增：用户签到送积分功能
修复：伪静态下积分付费观看错误
修复：默认模板多处错误
修复：专题图片错误
优化：采集错误提示

更新日期：2018年5月7日 v6.61
新增：默认模板新增文章搜索页
新增：无播放来源数据检测
修复：部分服务器评论乱码问题
修复：默认模板二维码错误（jiathis停止服务） 
修复：播放器上方提示无法显示https网址问题
修复：视频列表标签中顶踩标签不显示的错误 
修复：视频部分排序问题
修复：关闭验证码时登陆按钮不显示的错误
修复：文章搜索错误
优化：海报图片同步功能
优化：部分界面显示效果
优化：个人空间 改为 会员中心

更新日期：2018年4月6日 v6.6
修复：文章列表页分类链接错误
修复：新闻来源标签错误
修复：会员登录次数统计不准确问题
优化：界面美化
优化：提升安全性
新增：全新自适应模板（感谢@二哥 提供的精美模板）

更新日期：2018年3月29日 v6.59
新增：新的默认模板
新增：解析播放器，支持多个播放接口切换
新增：网盘下载播放器，支持网盘密码
新增：框架包含播放器
新增：站外跳转播放器
新增：解析线路设置
修复：新闻分类调用问题
修复：注册时的邮箱验证
修复：后台播放器尺寸设置不能为百分比的问题
修复：删除失效的js函数
优化：后台部分页面浏览器缓存定义
优化：积分提示和购买页面美化 
优化：数据库备份模块
优化：后台界面
优化：进一步增强安全性


更新日期：2017年12月31日 v6.58
修复：已知安全问题

更新日期：2017年11月13日 v6.57
修复：默认的专题伪静态参数错误
修复：留言板楼层计算错误
新增：一键清理资源库分类绑定
优化：调整播放页中标签解析顺序
优化：部分样式

更新日期：2017年10月17日 v6.56
修复：再次加强if标签的安全过滤，修复漏洞

更新日期：2017年10月2日 v6.55
修复：筛选页排序问题
修复：默认模板多个问题
优化：后台帮助提示文案
优化：后台部分功能
优化：加强IF标签的安全过滤
新增：默认的favicon.ico

更新日期：2017年8月7日 v6.54
修复：紧急修复2处高危安全漏洞

更新日期：2017年8月6日 v6.53
新增：微信公众平台模块
优化：采集逻辑
修复：部分文字描述错误

更新日期：2017年7月26日 v6.52
新增：分类单独设置播放页模板
优化：数据库备份强制utf8编码
优化：报错模块增加开关、恶意拦截，验证码、间隔时间、中文检测等功能
修复：部分细节错误

更新日期：2017年7月8日 v6.51
增加：后台会员管理分页
修复：数据备份个别情况下编码丢失问题
修复：目前已知问题
优化：后台会员管理模块细节
优化：精简安装过程数据库编码选择
优化：安装过程增加PHP短标签是否开启检测

更新日期：2017年5月19日 v6.5
修复：数据备份在部分环境下白屏的问题
修复：文件权限检查
修复：海报错误时默认替代图片路径错误的问题

更新日期：2017年5月17日 v6.49
新增：新的数据备份模块，采用帝国备份王内核
新增：数据库修复和优化功能
新增：无播放器错误提示页
修复：筛选标签连载状态链接错误问题
修复：播放器js一个错误提示
修复：部分显示界面溢出的问题
优化：优化360注入拦截模块

更新日期：2017年4月15日 v6.48
优化：默认年份数据增加2017（仅新安装）
优化：资源api接口图片数据输出格式
修复：多个已知问题
新增：友情链接模块增加隐藏选项
新增：自助添加管理第三方资源库功能

更新日期：2017年3月30日 v6.47
优化：提交内容过滤函数安全性
优化：新安装协议。
修复：首字母筛选0-9不显示的问题
修复：操作系统检测函数
修复：已知安全漏洞
新增：后台目录修改安全提示
新增：后台管理IP白名单功能

更新日期：2017年2月18日 v6.46
修复：两处安全问题

更新日期：2017年2月6日 v6.45
修复：一处安全问题

更新日期：2017年1月15日 v6.44
修复：自带模板文章列表页错误问题

更新日期：2017年1月12日 v6.43
修复：入库混乱的严重问题
修复：图片上传到ftp的错误

更新日期：2017年1月10日 v6.42
新增：新增采集二次入库项目配置自定义

更新日期：2017年1月9日 v6.41
修复：视频播放页分类id标签无效问题
修复：解决xml解析函数失效导致播放列表消失的问题

更新日期：2017年1月6日 v6.4
新增：全新自适应模板,自带新旧两套模板（模板来自飞飞）
新增：密码和消费点视频的筛选管理
优化：更改视频观看密码显示方式
修复：一个系统过滤不严的漏洞

更新日期：2017年1月5日 v6.39
新增：视频观看密码，微信推广利器
新增：支持php7.x环境(请积极反馈兼容性问题)
修复：多个系统漏洞
修复：新闻页不显示分类id和分类名

更新日期：2016年12月15日 v6.38
修复：紧急修复一个重大安全漏洞，该漏洞可以免登陆直接进入后台。

更新日期：2016年12月14日 v6.37
修复：搜索、生成、筛选等多处细节错误

更新日期：2016年12月7日 v6.36
修复：后台部分翻页错误
修复：部分过滤参数
优化：帮助提示文件

更新日期：2016年11月15日 v6.35
新增：百度主动推送功能
新增：手机版播放器参数设置，智能判断
新增：视频和新闻列表处显示远程图片数量
优化：新的识别标志
优化：十多处界面优化及帮助提示

更新日期：2016年11月11日 v6.34
修复：采集时开启分类判断无效的问题
优化：优化多个按钮提示和帮助提示
优化：增加多处列表辅助提示
优化：管理后台多处细节调整

更新日期：2016年10月26日 v6.33
新增：按照年份排序
新增：按评分次数排序
新增：播放数据和下载数据各自为空及全部为空检测
新增：删除指定下载来源
修复：部分排序不准确的问题
修复：模板标签文档多处遗漏
修复：部分情况下出现参数丢失错误
修复：无法识别https类型图片连接的问题
修复：静态分类页不显示扩展分类内容的问题
优化：视频列表显示方式
优化：安装向导增加对curl函数检测
优化：多处页面帮助提示文字

更新日期：2016年9月8日 v6.32
修复：多处过滤不严导致的被注入、跨站、挂马、shell漏洞
优化：核心函数库部分函数

更新日期：2016年9月7日 v6.31
新增：后台专题管理分页

更新日期：2016年9月6日 v6.3
修复：紧急解决搜索页面的0day注入漏洞问题

更新日期：2016年9月5日 v6.29
底层优化源数据处理方式，大幅降低出错几率

更新日期：2016年8月21日 v6.28
修复: 多个已知错误Bug
优化: 多个页面代码，提升页面打开速度
因修复和优化项目过多，不再详细列出

更新日期：2016年8月12日 v6.27
新增：会员积分推广系统
新增：数据列表按下载地址筛选
新增：多个播放器 如A站B站等
修复: 多个已知错误Bug
修复：对多个播放器进行升级修复
优化：增加部分字段内容长度
优化：修改备用说明字段更新逻辑
优化：部分默认参数
优化: 部分界面和帮助提示

更新日期：2016年3月24日 v6.26
修复：数据管理界面出现三个更新时间选项
修复：低版本IE下部分后台界面问题
修复：系统中缺少微软雅黑字体时显示问题
优化：部分选项
优化：部分帮助提示
优化：部分安全过滤
优化：全新logo和系统命名

更新日期：2016年3月15日 v6.25
新增：锁定影片管理
新增：批量替换背景图片和海报图片
修复：专题列表和内容页不支持专题调用
修复：多处视频列表页筛选条件丢失问题
优化：更加美观大气的全新后台界面
优化：重新美化的后台登陆界面
优化：部分菜单项目优化
优化：部分提示内容优化

更新日期：2016年3月12日 v6.24
新增：专题列表页和专题内容页增加新闻调用
修复：资源采集时特殊符号引起的重复采集问题
优化：增加资源库在兼容模式下无法绑定的提示
优化：优化默认模板部分内容

更新日期：2016年2月20日 v6.23
修复：紧急修复伪静态不自动生成配置文件的问题

更新日期：2016年2月17日 v6.22
新增：增加后台修改用户密码
新增：视频图片增加幻灯图片和背景图片
新增：增加下载来源在线编辑
优化：删除生成配置文件选项
优化：伪静态设置提示增加列表页 内容页提示
优化：禁用评论时自定义发布者名称项
优化：美化会员中心（感谢用户sylj69的贡献）
修复：视频和文章图片地址长度问题

更新日期：2016年1月10日 v6.21
修复：采集同步图片和手动上传图片目录不一致
修复：列表页没有分类id标签{channelpage:typeid}
修复：静态页面筛选项分类id参数丢失
优化：采集跳转间隔默认设置为3秒
优化：部分帮助提示

更新日期：2015年12月15日 v6.20
新增：{newspagelist:keywords}新闻分类关键词标签
新增：{newspagelist:description}新闻分类简介标签
修复：可可影音播放器在谷歌浏览器下无法播放的错误
修复：搜索提示消息跳转时间不正确的错误
优化：新安装程序默认关闭数据库缓存
优化：新安装默认模板细节问题和冗余代码
优化：标签文档内容和安装帮助文件内容


更新日期：2015年11月27日 v6.19
新增：影片付费观看
新增：个人中心影片购买记录
新增：个人中心充值积分
新增：个人中心购买会员组
新增：充值卡系统
新增：增加积分价格标签
新增：增加是否收费筛选
新增：资源发布API系统
新增：可可影音播放器
修复：会员注册ip不显示的问题
修复：禁止会员无效的问题
优化：后台登陆验证码设置界面
优化：网站设置界面
优化：其它细节优化

更新日期：2015年11月16日 v6.18
新增：重新下载失效图片
修复：专题图片被自动压缩问题
修复：清理无效图片误删文章海报图片的问题
优化：部分帮助说明文字

更新日期：2015年11月05日 v6.17
修复：加入收藏无效的错误

更新日期：2015年11月03日 v6.16
新增：一键下载文章海报图片
新增：批量替换增加替换备用说明字段

更新日期：2015年10月27日 v6.15
新增：后台管理员登陆增加验证码开关
新增：定时任务增加生成站内搜索数据，默认关闭
新增：播放地址加密，base64或escape加密方式，默认关闭
新增：播放页传值方式可选，仅供高级开发使用，不懂勿改
新增：备用说明字段，仅支持内容页播放页，标签{playpage:longtxt}
新增：数据库缓存，大幅降低系统消耗，提高运行效率
修复：转拼音符号出错，如.会变成__后面内容不转换
修复：专题列表页标签[pagenumber:link]无效问题
修复：部分情况下，内容介绍里上传图片不能插入问题
修复：文章内容编辑插入图片路径错误问题
修复：弹窗播放页openplay.html模板中文乱码
修复：隐藏的播放器组在播放器列表上仍显示的错误
修复：删除指定播放来源不能自动下一页连续删除
优化：统一验证码开关设置，会员、留言、评论一致
优化：一键生成全站时一二级分类模板名一样时增加提示
优化：后台 采集 导航栏增加资源库并默认显示 
优化：修改百度结构化数据为百度站内搜索数据
优化：其它细节及性能优化

更新日期：2015年09月09日 v6.14
修复： 在播放器名为中文的情况下后台删除指定播放数据失效的问题
修复： 部分播放器无法全屏的问题（vplus）

更新日期：2015年08月27日 v6.13
修复： 播放列表排序错误（本人失误，拼写少了一个字母）
修复： 隐藏判断问题，修复后动态、伪静态、静态下均不显示隐藏影片

更新日期：2015年08月22日 v6.12
新增： 添加和修改影片时，自动校正播放地址的集数和后缀

更新日期：2015年08月12日 v6.11
优化： 新增分卷备份，解决文件过大导致的无响应问题

更新日期：2015年08月11日 v6.10
修复： 静态模式下，会员登录状态无效的问题

更新日期：2015年08月10日 v6.09
修复： 手机浏览器上评分、顶踩、评论、人气等功能失效的问题

更新日期：2015年08月09日 v6.08
新增： 模板标签[playlist:s]，播放列表排序数值
优化： 播放来源排序改为从小到大排列，小的在前，更人性化
优化： 专题名称过滤单引号，防止语法错误

更新日期：2015年08月07日 v6.07
修复： 英文格式单引号导致的报错的问题，自动将单引号替换为空格
新增： 后台批量替换增加视频版本字段的替换
升级： QQ视频播放器，支持id+url格式播放
升级： 芒果TV播放器，支持id+url格式播放
升级： M1905播放器，支持id+url格式播放
升级： CNTV播放器，支持id+url格式播放
修复： swf播放器不能全屏的问题
修复： 爱奇艺播放器双ID无法播放问题
优化： 其它多处细节优化

更新日期：2015年07月31日 v6.06
修复： 上下页{playpage:prenext}改为内容页跳至内容页，播放页跳至播放页
升级： 优酷播放器，支持id+url格式播放
升级： 土豆播放器，支持id+3种url格式播放
升级： 乐视播放器，支持id+url格式播放
修复： 电影网m1905播放器
修复： 泥巴影音64位浏览器提示字体颜色和背景色均为黑色的显示错误
新增： 爱看影音播放器
提示： ckplayer和cmp4的整合请在论坛下载，只提供整合，不含解析
优化： 留言板昵称自动调用用户名，如未登录则默认为匿名并允许修改

更新日期：2015年07月22日 v6.05
修复： 定时生成和输入id生成时 页数始终为1的问题
修复： 定时生成和输入id生成时 部分url模式下第一页不生成的问题
修复： 定时生成时不生成排序链接标签的问题

更新日期：2015年07月21日 v6.04
优化： 后台视频管理 回收站管理 专题视频管理均支持多条件组合筛选查询
修复： 后台视频管理 回收站管理 专题视频管理翻页后筛选失效的问题
修复： 后台批量替换导演字段错误
新增： 后台批量替换增加影片备注内容替换

更新日期：2015年07月20日 v6.03
优化： 重写汉字换拼音模块，超强转换生僻字 繁体字 兼容英文数字及符号
优化： 当调用不存在的专题id视频时，不再显示错误提示
优化： 后台系统信息显示更多内容，如系统 环境引擎 mysql版本 域名端口等

更新日期：2015年07月16日 v6.02
优化： 隐藏播放器后，后台管理正常显示，方便编辑
优化： 文章增加和修改页面的部分显示问题

更新日期：2015年07月15日 v6.01
修复： 新增videolist支持按视频版本ver调用，例：ver=预告片

更新日期：2015年07月15日 v6.0
修复： 修复连载数据调用标签错误
修复： 专题视频列表排序报错
新增： 留言板增加验证码
优化； 多项帮助提示和功能表述

更新日期：2015年07月13日 v5.99
新增： 增加视频版本字段，并可在后台配置选项 
新增： 筛选页增加连载状态筛选
新增： 筛选页增加视频版本筛选
新增： 搜索页筛选页添加新闻调用
新增： 字母索引增加 0-9
新增： 年份索引增加 更早
新增： 后台影片管理增加按地区 按年代 按语言 按字母 按星级 按视频版本筛选
新增： 专题视频管理增加按地区 按年代 按语言 按字母 按星级 按视频版本筛选

更新日期：2015年07月11日 v5.98
优化： 静态页评分实时显示，不再需要生成
优化： 评分采用异步延迟加载，提高页面打开速度
新增： 增加scorenum评分总量和scorenumer评分次数标签
新增： 内容页 播放页 新闻页增加评分数字显示标签score
修复： 新增视频和文章时无法选择星级的问题
修复： 后台管理部分显示错位的问题
新增： 网站编辑员增加生成权限
优化： 优化后台影片列表搜索及筛选查询逻辑

更新日期：2015年07月09日 v5.97
修复： 修复静态模式下的评分不显示bug
修复： 遇到隐藏分类无法继续生成的bug
修复： 缓存导致生成全部栏目时视频和文章的栏目混乱的问题

更新日期：2015年07月08日 v5.96
优化： 进一步优化播放器显示，
优化： 全新整理的模板标签文档
优化： 其他细节问题

更新日期：2015年07月08日 v5.95
修复： 修复播放器在部分分辨率下错位的问题
优化： 优化自动生成逻辑
修复： 资源库更新为0时，造成无限采集下去的bug

更新日期：2015年07月07日 v5.94
优化： 更精确的评分计算
优化： 后台更改一处功能描述
增加： 后台新增多个数据的批量替换

更新日期：2015年07月06日 v5.93
新增： 标签 {playpage:dz} 播放页当前播放影片实际地址，播放页为静态时无效

更新日期：2015年07月05日 v5.92
优化： 单个视频或新闻生成时，不再弹出确认对话框，减少繁琐操作
新增： 视频年代、地区、语言选项支持下拉选择和手动输入，方便手工编辑
新增： 标签 [playlist:ename] 播放来源英文名，如youku tudou方便做播放器图标

更新日期：2015年07月04日 v5.91
新增： 后台添加和修改影片时，自动提示是否重名
修复： 修复播放器自动下一集时无限跳转的bug
优化： 精简安装包，移除自带的6k模板，改为官网单独下载

更新日期：2015年06月30日 v5.9
新增： 精仿6k华丽模板，包含视频 文章 专辑 排行 最新 直播等全部模块
提示： 使用6k模板注意设置电影大分类模板为dy.html，电视剧大分类为tv.html，并根据自己的实际情况修改对应分类id
优化： 筛选页项目优化，完美显示效果
修复： 泥巴播放器bug
优化： 其它细节优化

更新日期：2015年06月29日 v5.89
新增： 新增 影音先锋 p2p播放器
修复： 泥巴影音播放器js本地化，防止无法加载远程js导致错误

更新日期：2015年06月28日 v5.88
新增： 新闻内容页调用相关新闻标签 rel=n，关键词相同则调用显示

更新日期：2015年06月27日 v5.87
新增： 相关文章标签rel=n，方便实现剧情 演员表 相关新闻等功能
新增： 相关视频标签rel=v ，方便实现剧情 演员表 相关新闻等功能
新增： 视频排序方式增加按站内评分 豆瓣 时光网 imdb评分排序
新增： 后台添加和修改视频时，支持直接修改所有评分项目
新增： 更新周期字段增加 完结 预告片 两个选项
新增： 视频调用支持按id调用，如sid=1,2,3,4,5,8 支持多个id
新增： 视频调用支持按专题调用，如topic=3 仅支持单个id
新增： 文章内容页支持内容分页，输入 #p# 即可实现
优化： 评论功能直接显示发言框，跳转翻页导航位置
优化： 其它细节优化

更新日期：2015年06月23日 v5.86
新增： 默认模板提供迅雷下载，支持多组下载地址
修复： 其他细节问题修复

更新日期：2015年06月22日 v5.85
修复： 内容页播放页生成静态时分类id标签无效的错误
修复： 后台自定义模板处批量生成无效的错误

更新日期：2015年06月21日 v5.84
修复： 修复后台重名影片检测无法指定长度的错误
修复： 静态模式下频道页排序链接标签无效的错误

更新日期：2015年06月20日 v5.83
修复： 修复批量生成静态时 不能生成rel标签的错误

更新日期：2015年06月20日 v5.82
新增： 修复数据回收站分页错误的bug

更新日期：2015年06月20日 v5.81
新增： 加入360注入攻击拦截组件，提升安全性
新增： 后台影片管理搜索支持搜索演员 导演 别名，方便做专题聚合

更新日期：2015年06月19日 v5.8
修复： 解决播放器偶尔不显示播放列表的问题
修复： 剧情分类名称修改在部分主机商的错误提示
新增： 新版播放器的下集缓冲地址 上下集网址等，方便播放器整合
新增： 播放页和内容页增加同演员影片，同导演影片，名称像似影片三个标签

更新日期：2015年06月17日 v5.73
修复：新版播放器偶尔不显示顶部栏的问题
修复：部分颜色设置不合理的问题

更新日期：2015年06月17日 v5.72
新增：多功能全新界面播放器

更新日期：2015年06月16日 v5.71
修复：修复后台内容编辑器，支持全部浏览器正常使用
修复：修复后台内容编辑器，支持图片批量上传
修复：修复后台编辑器上传的一个安全漏洞

更新日期：2015年06月15日 v5.7
新增： 影片别名,更新周期,豆瓣、时光网、IMDB评分,上映电视台,制作公司
新增： 日、周、月点击,时长,总集数
新增： dayhit日点击排序 weekhit周点击排序 monthhit月点击排序
新增： jq:剧情分类 reweek:更新周期 tvs:电视台 company:制作公司等调用 

更新日期：2015年06月14日 v5.6
修复： 更改播放器对齐方式，修复多余边间距的bug
优化： 使用影片播放地址的后缀名判断对应播放器，更灵活组合
增加： 播放列表增加 [playlist:nolinkurl] 标签，不带链接的实际地址
修复： 添加和编辑新闻时，内容为空白的bug
优化： 删除已经无用的传参方式选项
优化： 播放器默认使用中文名称显示
修复： 部分关联菜单不弹出的bug，如设置静态、伪静态等不弹出对应设置
修复： 幻灯片无法上传图片的bug
优化： 部分文字帮助描述

更新日期：2015年06月10日 v5.5
修复： 播放器js代码和一些jquery特性有冲突的问题

更新日期：2015年06月09日 v5.4
新增： [playlist:url]播放地址列表直接显示影片实际地址标签
新增： {seacms:customvideolist}自定义模板循环列表 支持分页，按多条件查询等

更新日期：2015年06月07日 v5.3
修复： 断点续采一处拼写错误
新增： 影片支持按 语言 地区 上映年份 调用

更新日期：2015年06月05日 v5.2
修复： 伪静态设置的一些细节
修复： 生成静态后剧情分类链接错误的bug

更新日期：2015年06月04日 v5.1
修复： 修复评论无法发布的bug

更新日期：2015年06月04日 v5.0
新增： 支持PHP5.x所用版本，可以在PHP5.0-5.6版本下使用了

更新日期：2015年06月02日 v4.34
修复： 索引导航跳转逻辑
优化： 使用新的登陆界面和logo

更新日期：2015年06月01日 v4.33
修复： 后台剧情分类视频数量统计错误
修复： 后台剧情分类视频筛选错误
修复； 搜索页排序时剧情条件丢失的错误
修复： 火车头采集入库时一些不合理的设置

更新日期：2015年06月01日 v4.32
新增： 剧情分类，现在同时支持主分类 扩展和剧情三种分类方式
新增： 涉及剧情分类的14个模板标签，具体请查看标签文档

更新日期：2015年05月30日 v4.31
新增： {searchpage:ordername} 搜索索引页当前排序方式标签
修复： {searchpage:order-xxx-link}排序标签bug
修复： 后台扔显示Ucenter配置的问题
修复： 留言板无法使用的bug

更新日期：2015年05月29日 v4.3
新增： {seacms：videolist order=xxx}影片调用列表增加多个排序方式
新增： {seacms:channellist order=xxx}频道列表增加多个排序方式
新增： {seacms:topicpagelist order=xxx}专题视频列表增加多个排序方式
新增： {channelpage:order-xxx-link}分类页多个排序方式标签
新增： {searchpage:order-xxx-link}搜索页多个排序方式标签
优化： 会员模块彻底不再依赖Ucenter即可使用

更新日期：2015年05月27日 v4.2
修复：资源库列表分页不正确问题
修复；资源库选择全部数据链接错误的问题
修复：数据库错误日志被360报敏感信息泄露的问题
增加：所有在线播放器增加播放前广告

更新日期：2015年05月26日 v4.1
修复：增加一键检测图片下载错误影片的功能

更新日期：2015年05月26日 v4.0
修复：解决360网站安全检查提示漏洞的问题（误报）
新增：生成百度结构化数据文件的功能

更新日期：2015年05月26日 v3.9
修复：后台影视管理列表播放来源里不显示下载来源的bug
修复：后台专题影视管理列表播放来源里不显示下载来源的bug
优化：下载地址统一用down命名，支持down1-5五个下载分组


更新日期：2015年05月25日 v3.8
修复：一键采集下载地址不入库的问题
修复：IIS的伪静态规则拼写错误的问题

更新日期：2015年05月24日 v3.7
修复：一键采集包含多个播放器组的兼容问题

更新日期：2015年05月23日 v3.6
修复：采集影片有特殊字符时入库失败的问题
新增：新增多个采集资源，资源库数达到6个
修复：部分播放器不能播放的问题
新增：新增部分播放器，播放器数已达到20个

更新日期：2015年05月23日 v3.5
新增：播放列表组数标签 {playpage:playlistlen}
新增：下载列表组数标签 {playpage:downlistlen}
新增：专题页当前专题id标签 {seacms:currrent_topic_id}
新增：专题页当前专题图片{seacms:topicpic}
优化：如果没有播放数据，则隐藏播放列表
优化：如果没有下载数据，则隐藏下载列表


更新日期：2015年05月22日 v3.4
新增：专题内容页增加关键词字段
修复：修复标签[topicindexlist:count]
新增：专题内容页增加简介标签{seacms:topicdes}
新增：专题内容页增加关键词标签{seacms:topickeyword}
修复：播放器下一集多出一空白集的问题
修复：按星级调用标签无效
修复：标签文档里一些不合理的地方
新增：为后台管理每一个功能增加导航提示


更新日期：2015年05月21日 V3.2
修复：前台评分界面乱码
修复：后台导航提示乱码
修复：编辑器替换为kindeditor(独家修复kindeditor不能在ie11显示的bug)
增加：编辑器增加图片批量上传 文件上传等
修复：播放和下载地址列表 校正 功能兼容各大浏览器


更新日期：2015年5月20日 V3.1
优化： 系统编码修改为UTF-8
修复： 一键采集资源库接口
修复： 重新开发播放器，去广告干净无杂质
新增： 一个视频归属多个专题
优化： 采用最新的ckeditor编辑器精简版
新增： 增加上一集 上一集标签
新增： 增加下一集缓冲地址
优化： 播放页跳转url路径全站统一（静态 动态 伪静态）
修复： 一个上次安全漏洞
修复： 批量删除指定播放器数据
新增： 定时任务插件（待测试）
优化： 提高浏览页面执行效率
其它细节优化